[I 11:37:30.578 LabApp] JupyterLab extension loaded from /home/supunK/anaconda3/envs/seq/lib/python2.7/site-packages/jupyterlab
[I 11:37:30.578 LabApp] JupyterLab application directory is /home/supunK/anaconda3/envs/seq/share/jupyter/lab
[W 11:37:30.581 LabApp] JupyterLab server extension not enabled, manually loading...
[I 11:37:30.581 LabApp] JupyterLab extension loaded from /home/supunK/anaconda3/envs/seq/lib/python2.7/site-packages/jupyterlab
[I 11:37:30.581 LabApp] JupyterLab application directory is /home/supunK/anaconda3/envs/seq/share/jupyter/lab
[I 11:37:30.583 LabApp] Serving notebooks from local directory: /home/supunK/GIT/video_to_sequence
[I 11:37:30.583 LabApp] The Jupyter Notebook is running at:
[I 11:37:30.583 LabApp] http://localhost:9990/
[I 11:37:30.583 LabApp] Use Control-C to stop this server and shut down all kernels (twice to skip confirmation).
ERROR

The requested URL could not be retrieved

━━━━━━━━━━━━━━━━━━━━━━━━━━━━━━━━━━━━━━━━━━━━━━━━━━━━━━━━━━━━━━━━━━━━━━━━━━━━━━━

The following error was encountered while trying to retrieve the URL: http://
localhost:9990/lab

    Access Denied.

Access control configuration prevents your request from being allowed at this
time. Please contact your service provider if you feel this is incorrect.

Your cache administrator is webmaster.


━━━━━━━━━━━━━━━━━━━━━━━━━━━━━━━━━━━━━━━━━━━━━━━━━━━━━━━━━━━━━━━━━━━━━━━━━━━━━━━

Generated Tue, 06 Nov 2018 16:37:28 GMT by cache (squid/3.5.12)

[W 11:37:44.767 LabApp] Clearing invalid/expired login cookie username-localhost-9990
[W 11:37:44.769 LabApp] Clearing invalid/expired login cookie username-localhost-9990
[I 11:37:44.769 LabApp] 302 GET /lab? (::1) 3.85ms
[I 11:37:47.950 LabApp] 302 POST /login?next=%2Flab%3F (::1) 1.99ms
[W 11:37:50.984 LabApp] Could not determine jupyterlab build status without nodejs
[I 11:37:59.043 LabApp] Kernel started: 8157b8b3-6bf0-4814-914a-c1c3a2a44dfd
[I 11:37:59.483 LabApp] Adapting to protocol v5.1 for kernel 8157b8b3-6bf0-4814-914a-c1c3a2a44dfd
[I 11:37:59.483 LabApp] Adapting to protocol v5.1 for kernel 8157b8b3-6bf0-4814-914a-c1c3a2a44dfd
[I 11:39:59.040 LabApp] Saving file at /train.ipynb
[I 11:41:59.642 LabApp] Saving file at /train.ipynb
[I 11:44:00.071 LabApp] Saving file at /train.ipynb
[I 11:46:00.730 LabApp] Saving file at /train.ipynb
[I 11:48:01.238 LabApp] Saving file at /train.ipynb
[I 11:50:01.613 LabApp] Saving file at /train.ipynb
[I 11:52:02.243 LabApp] Saving file at /train.ipynb
[I 11:54:02.685 LabApp] Saving file at /train.ipynb
[I 11:56:03.093 LabApp] Saving file at /train.ipynb
[I 11:58:03.473 LabApp] Saving file at /train.ipynb
[I 12:00:03.853 LabApp] Saving file at /train.ipynb
[I 12:02:04.331 LabApp] Saving file at /train.ipynb
[I 12:04:04.843 LabApp] Saving file at /train.ipynb
[I 12:06:05.220 LabApp] Saving file at /train.ipynb
[I 12:08:05.529 LabApp] Saving file at /train.ipynb
[I 12:10:05.837 LabApp] Saving file at /train.ipynb
[I 12:12:06.129 LabApp] Saving file at /train.ipynb
[I 12:14:06.483 LabApp] Saving file at /train.ipynb
[I 12:16:06.780 LabApp] Saving file at /train.ipynb
[I 12:18:07.129 LabApp] Saving file at /train.ipynb
[I 12:20:07.467 LabApp] Saving file at /train.ipynb
[I 12:21:59.936 LabApp] Saving file at /train.ipynb
[I 12:22:06.832 LabApp] Starting buffering for 8157b8b3-6bf0-4814-914a-c1c3a2a44dfd:b95b64df-cc3e-403a-84b4-da069d4e6bd4
[I 11:32:32.094 LabApp] 302 GET / (::1) 248.38ms
[W 11:32:32.597 LabApp] Clearing invalid/expired login cookie username-localhost-9990
[W 11:32:32.681 LabApp] Clearing invalid/expired login cookie username-localhost-9990
[I 11:32:32.691 LabApp] 302 GET /lab? (::1) 217.01ms
[I 11:32:36.049 LabApp] 302 POST /login?next=%2Flab%3F (::1) 117.79ms
[W 11:32:37.954 LabApp] Could not determine jupyterlab build status without nodejs
[I 11:32:38.460 LabApp] Adapting to protocol v5.1 for kernel 8157b8b3-6bf0-4814-914a-c1c3a2a44dfd
[I 11:32:38.546 LabApp] Discarding 10316 buffered messages for 8157b8b3-6bf0-4814-914a-c1c3a2a44dfd:b95b64df-cc3e-403a-84b4-da069d4e6bd4
[I 11:32:47.145 LabApp] Adapting to protocol v5.1 for kernel 8157b8b3-6bf0-4814-914a-c1c3a2a44dfd
[I 11:32:57.139 LabApp] Adapting to protocol v5.1 for kernel 8157b8b3-6bf0-4814-914a-c1c3a2a44dfd
[I 11:33:01.983 LabApp] Kernel interrupted: 8157b8b3-6bf0-4814-914a-c1c3a2a44dfd
[I 11:33:02.190 LabApp] Kernel interrupted: 8157b8b3-6bf0-4814-914a-c1c3a2a44dfd
[I 11:33:03.176 LabApp] Kernel interrupted: 8157b8b3-6bf0-4814-914a-c1c3a2a44dfd
[I 11:33:03.372 LabApp] Kernel interrupted: 8157b8b3-6bf0-4814-914a-c1c3a2a44dfd
[I 11:33:06.790 LabApp] Kernel interrupted: 8157b8b3-6bf0-4814-914a-c1c3a2a44dfd
[I 11:33:06.975 LabApp] Kernel interrupted: 8157b8b3-6bf0-4814-914a-c1c3a2a44dfd
[I 11:33:07.176 LabApp] Kernel interrupted: 8157b8b3-6bf0-4814-914a-c1c3a2a44dfd
[I 11:33:07.382 LabApp] Kernel interrupted: 8157b8b3-6bf0-4814-914a-c1c3a2a44dfd
[I 11:33:07.581 LabApp] Kernel interrupted: 8157b8b3-6bf0-4814-914a-c1c3a2a44dfd
[I 11:33:07.788 LabApp] Kernel interrupted: 8157b8b3-6bf0-4814-914a-c1c3a2a44dfd
[I 11:33:07.997 LabApp] Kernel interrupted: 8157b8b3-6bf0-4814-914a-c1c3a2a44dfd
[I 11:33:08.213 LabApp] Kernel interrupted: 8157b8b3-6bf0-4814-914a-c1c3a2a44dfd
[I 11:33:08.421 LabApp] Kernel interrupted: 8157b8b3-6bf0-4814-914a-c1c3a2a44dfd
[I 11:33:08.628 LabApp] Kernel interrupted: 8157b8b3-6bf0-4814-914a-c1c3a2a44dfd
[I 11:33:27.545 LabApp] New terminal with automatic name: 1
TermSocket.open: 1
TermSocket.open: Opened 1
[I 11:33:55.608 LabApp] Saving file at /train.ipynb
[I 11:33:57.196 LabApp] Saving file at /train.ipynb
[I 11:33:57.472 LabApp] Saving file at /train.ipynb
[I 11:33:57.696 LabApp] Saving file at /train.ipynb
[I 11:33:57.908 LabApp] Saving file at /train.ipynb
[I 11:33:58.095 LabApp] Saving file at /train.ipynb
[I 11:33:58.308 LabApp] Saving file at /train.ipynb
[I 11:33:58.503 LabApp] Saving file at /train.ipynb
[I 11:33:58.778 LabApp] Saving file at /train.ipynb
[I 11:33:58.991 LabApp] Saving file at /train.ipynb
[I 11:33:59.221 LabApp] Saving file at /train.ipynb
[I 11:33:59.410 LabApp] Saving file at /train.ipynb
E tensorflow/core/client/tensor_c_api.cc:485] Tensor name "LSTM1/BasicLSTMCell/Linear/Bias/Adam" not found in checkpoint files models/model-900
	 [[Node: save_1/restore_slice_1 = RestoreSlice[dt=DT_FLOAT, preferred_shard=-1, _device="/job:localhost/replica:0/task:0/cpu:0"](_recv_save_1/Const_0, save_1/restore_slice_1/tensor_name, save_1/restore_slice_1/shape_and_slice)]]
E tensorflow/core/client/tensor_c_api.cc:485] Tensor name "LSTM1/BasicLSTMCell/Linear/Bias/Adam_1" not found in checkpoint files models/model-900
	 [[Node: save_2/restore_slice_2 = RestoreSlice[dt=DT_FLOAT, preferred_shard=-1, _device="/job:localhost/replica:0/task:0/cpu:0"](_recv_save_2/Const_0, save_2/restore_slice_2/tensor_name, save_2/restore_slice_2/shape_and_slice)]]
[I 11:35:04.794 LabApp] Starting buffering for 8157b8b3-6bf0-4814-914a-c1c3a2a44dfd:f683592a-9b4e-47e4-ba98-5a603d92af24
[I 11:35:10.090 LabApp] Kernel restarted: 8157b8b3-6bf0-4814-914a-c1c3a2a44dfd
[I 11:35:13.769 LabApp] Adapting to protocol v5.1 for kernel 8157b8b3-6bf0-4814-914a-c1c3a2a44dfd
[I 11:35:13.770 LabApp] Restoring connection for 8157b8b3-6bf0-4814-914a-c1c3a2a44dfd:f683592a-9b4e-47e4-ba98-5a603d92af24
[I 11:35:13.770 LabApp] Replaying 6 buffered messages
[I 11:35:13.796 LabApp] Adapting to protocol v5.1 for kernel 8157b8b3-6bf0-4814-914a-c1c3a2a44dfd
[I 11:36:00.442 LabApp] Saving file at /train.ipynb
[I 11:38:01.450 LabApp] Saving file at /train.ipynb
[I 11:40:01.782 LabApp] Saving file at /train.ipynb
[I 11:40:16.863 LabApp] Kernel shutdown: 8157b8b3-6bf0-4814-914a-c1c3a2a44dfd
Websocket closed
